<?xml version="1.0" encoding="UTF-8"?>
<!-- Generated by org.testng.reporters.JUnitXMLReporter -->
<testsuite ignored="0" hostname="DESKTOP-DV7QQQO" failures="0" tests="2" name="Error Validations Test" time="47.651" errors="0" timestamp="2026-05-23T04:07:16 IST">
  <testcase classname="veenarecordsinc.ErrorValidationsTest" name="loginErrorValidation" time="1.481"/>
  <testcase classname="veenarecordsinc.ErrorValidationsTest" name="productErrorValidation" time="30.61"/>
</testsuite> <!-- Error Validations Test -->
