<?xml version="1.0" encoding="UTF-8"?>
<!-- Generated by org.testng.reporters.JUnitXMLReporter -->
<testsuite ignored="0" hostname="DESKTOP-DV7QQQO" failures="0" tests="3" name="Submit Order Test" time="67.816" errors="0" timestamp="2026-05-23T04:07:35 IST">
  <testcase classname="veenarecordsinc.SubmitOrderTest" name="submitOrder" time="16.198"/>
  <testcase classname="veenarecordsinc.SubmitOrderTest" name="submitOrder" time="25.797"/>
  <testcase classname="veenarecordsinc.SubmitOrderTest" name="OrderHistoryTest" time="1.128"/>
</testsuite> <!-- Submit Order Test -->
