<?xml version="1.0" encoding="UTF-8"?>
<!-- Generated by org.testng.reporters.JUnitReportReporter -->
<testsuite hostname="DESKTOP-DV7QQQO" failures="0" tests="2" name="veenarecordsinc.ErrorValidationsTest" time="47.375" errors="0" timestamp="2026-05-23T04:07:36 IST" skipped="0">
  <testcase classname="veenarecordsinc.ErrorValidationsTest" name="loginErrorValidation" time="6.457"/>
  <testcase classname="veenarecordsinc.ErrorValidationsTest" name="productErrorValidation" time="40.918"/>
</testsuite> <!-- veenarecordsinc.ErrorValidationsTest -->
