<?xml version="1.0" encoding="UTF-8"?>
<!-- Generated by org.testng.reporters.JUnitReportReporter -->
<testsuite hostname="DESKTOP-DV7QQQO" failures="0" tests="3" name="veenarecordsinc.SubmitOrderTest" time="67.476" errors="0" timestamp="2026-05-23T04:07:36 IST" skipped="0">
  <testcase classname="veenarecordsinc.SubmitOrderTest" name="submitOrder" time="29.469"/>
  <testcase classname="veenarecordsinc.SubmitOrderTest" name="submitOrder" time="30.403"/>
  <testcase classname="veenarecordsinc.SubmitOrderTest" name="OrderHistoryTest" time="7.604"/>
</testsuite> <!-- veenarecordsinc.SubmitOrderTest -->
